\BOOKMARK [0][-]{chapter.1}{Introduction}{}% 1
\BOOKMARK [1][-]{section.1.1}{Ozone}{chapter.1}% 2
\BOOKMARK [1][-]{section.1.2}{Ozone Chemistry}{chapter.1}% 3
\BOOKMARK [2][-]{subsection.1.2.1}{VOC and NOx Chemistry}{section.1.2}% 4
\BOOKMARK [2][-]{subsection.1.2.2}{Representing Atmospheric Chemistry in Models}{section.1.2}% 5
\BOOKMARK [1][-]{section.1.3}{Source and Sinks of Ozone Precursors}{chapter.1}% 6
\BOOKMARK [2][-]{subsection.1.3.1}{NOx}{section.1.3}% 7
\BOOKMARK [2][-]{subsection.1.3.2}{VOCs}{section.1.3}% 8
\BOOKMARK [2][-]{subsection.1.3.3}{Representing NMVOC Emissions in Models}{section.1.3}% 9
\BOOKMARK [1][-]{section.1.4}{Effects of Meteorology on Ozone Production}{chapter.1}% 10
\BOOKMARK [1][-]{section.1.5}{Research Questions and Objectives of this Thesis}{chapter.1}% 11
\BOOKMARK [0][-]{chapter.2}{Methodology}{}% 12
\BOOKMARK [1][-]{section.2.1}{Air Quality Modelling}{chapter.2}% 13
\BOOKMARK [2][-]{subsection.2.1.1}{Model Description and Setup}{section.2.1}% 14
\BOOKMARK [1][-]{section.2.2}{Chemical Mechanisms}{chapter.2}% 15
\BOOKMARK [2][-]{subsection.2.2.1}{Implementing Chemical Mechanisms in MECCA}{section.2.2}% 16
\BOOKMARK [2][-]{subsection.2.2.2}{Tagging of Chemical Mechanisms}{section.2.2}% 17
\BOOKMARK [1][-]{section.2.3}{Initial and Boundary Conditions}{chapter.2}% 18
\BOOKMARK [0][-]{chapter.3}{Presentation of Papers}{}% 19
\BOOKMARK [1][-]{section.3.1}{Paper I: A comparison of chemical mechanisms using tagged ozone production potential \(TOPP\) analysis}{chapter.3}% 20
\BOOKMARK [1][-]{section.3.2}{Paper II: Variation of the NMVOC Speciation in the Solvent Sector and the Sensitivity of Modelled Tropospheric Ozone}{chapter.3}% 21
\BOOKMARK [1][-]{section.3.3}{Paper III: The Influence of Temperature on Ozone Production under varying "3222378 \040Conditions \205 A Modelling Study}{chapter.3}% 22
\BOOKMARK [0][-]{chapter.4}{Overall Discussion and Conclusions}{}% 23
\BOOKMARK [0][-]{chapter.5}{Outlook}{}% 24
\BOOKMARK [0][-]{chapter.6}{Summary and Zusammenfassung}{}% 25
\BOOKMARK [1][-]{section.6.1}{Summary}{chapter.6}% 26
\BOOKMARK [1][-]{section.6.2}{Zusammenfassung}{chapter.6}% 27
\BOOKMARK [0][-]{section.6.2}{References}{}% 28
\BOOKMARK [0][-]{chapter.7}{Paper I: A comparison of chemical mechanisms using tagged ozone production potential \(TOPP\) analysis}{}% 29
\BOOKMARK [0][-]{chapter.8}{Paper II: Variation of the NMVOC Speciation in the Solvent Sector and the Sensitivity of Modelled Tropospheric Ozone}{}% 30
\BOOKMARK [0][-]{chapter.9}{Paper III: The Influence of Temperature on Ozone Production under varying "3222378 \040Conditions \205 a modelling study}{}% 31
\BOOKMARK [0][-]{chapter.10}{Publication List}{}% 32
\BOOKMARK [1][-]{section.10.1}{Scientific Articles}{chapter.10}% 33
\BOOKMARK [1][-]{section.10.2}{Presentations}{chapter.10}% 34
\BOOKMARK [1][-]{section.10.3}{Posters}{chapter.10}% 35
\BOOKMARK [0][-]{section.10.3}{Appendix}{}% 36
